<?xml version="1.0" encoding="UTF-8"?>
  <testsuites tests="9" disabled="5" errors="0" failures="1" time="0.018301292">
      <testsuite name="Scality S3 CSI Driver Suite" package="/Users/anurag4dsb/hyperbolical-time-chamber/scality/e2e_csi/tests/e2e-scality/e2e-tests" tests="9" disabled="0" skipped="5" errors="0" failures="1" time="0.018301292" timestamp="2025-04-13T17:42:38">
          <properties>
              <property name="SuiteSucceeded" value="false"></property>
              <property name="SuiteHasProgrammaticFocus" value="false"></property>
              <property name="SpecialSuiteFailureReason" value=""></property>
              <property name="SuiteLabels" value="[]"></property>
              <property name="RandomSeed" value="1744558958"></property>
              <property name="RandomizeAllSpecs" value="false"></property>
              <property name="LabelFilter" value=""></property>
              <property name="FocusStrings" value=""></property>
              <property name="SkipStrings" value=""></property>
              <property name="FocusFiles" value=""></property>
              <property name="SkipFiles" value=""></property>
              <property name="FailOnPending" value="false"></property>
              <property name="FailFast" value="false"></property>
              <property name="FlakeAttempts" value="0"></property>
              <property name="DryRun" value="false"></property>
              <property name="ParallelTotal" value="1"></property>
              <property name="OutputInterceptorMode" value=""></property>
          </properties>
          <testcase name="[BeforeSuite]" classname="Scality S3 CSI Driver Suite" status="passed" time="0.0117715">
              <system-err>&gt; Enter [BeforeSuite] TOP-LEVEL - /Users/anurag4dsb/hyperbolical-time-chamber/scality/e2e_csi/tests/e2e-scality/e2e-tests/main.go:84 @ 04/13/25 17:42:38.545&#xA;&lt; Exit [BeforeSuite] TOP-LEVEL - /Users/anurag4dsb/hyperbolical-time-chamber/scality/e2e_csi/tests/e2e-scality/e2e-tests/main.go:84 @ 04/13/25 17:42:38.557 (12ms)&#xA;</system-err>
          </testcase>
          <testcase name="[It] Scality S3 CSI Driver Basic Functionality should have CSI driver properly registered" classname="Scality S3 CSI Driver Suite" status="failed" time="0.002064125">
              <failure message="Failed to get CSI driver s3.csi.aws.com&#xA;Unexpected error:&#xA;    &lt;*errors.StatusError | 0x140004899a0&gt;: &#xA;    csidrivers.storage.k8s.io &#34;s3.csi.aws.com&#34; not found&#xA;    {&#xA;        ErrStatus: {&#xA;            TypeMeta: {Kind: &#34;&#34;, APIVersion: &#34;&#34;},&#xA;            ListMeta: {&#xA;                SelfLink: &#34;&#34;,&#xA;                ResourceVersion: &#34;&#34;,&#xA;                Continue: &#34;&#34;,&#xA;                RemainingItemCount: nil,&#xA;            },&#xA;            Status: &#34;Failure&#34;,&#xA;            Message: &#34;csidrivers.storage.k8s.io \&#34;s3.csi.aws.com\&#34; not found&#34;,&#xA;            Reason: &#34;NotFound&#34;,&#xA;            Details: {&#xA;                Name: &#34;s3.csi.aws.com&#34;,&#xA;                Group: &#34;storage.k8s.io&#34;,&#xA;                Kind: &#34;csidrivers&#34;,&#xA;                UID: &#34;&#34;,&#xA;                Causes: nil,&#xA;                RetryAfterSeconds: 0,&#xA;            },&#xA;            Code: 404,&#xA;        },&#xA;    }&#xA;occurred" type="failed">[FAILED] Failed to get CSI driver s3.csi.aws.com&#xA;Unexpected error:&#xA;    &lt;*errors.StatusError | 0x140004899a0&gt;: &#xA;    csidrivers.storage.k8s.io &#34;s3.csi.aws.com&#34; not found&#xA;    {&#xA;        ErrStatus: {&#xA;            TypeMeta: {Kind: &#34;&#34;, APIVersion: &#34;&#34;},&#xA;            ListMeta: {&#xA;                SelfLink: &#34;&#34;,&#xA;                ResourceVersion: &#34;&#34;,&#xA;                Continue: &#34;&#34;,&#xA;                RemainingItemCount: nil,&#xA;            },&#xA;            Status: &#34;Failure&#34;,&#xA;            Message: &#34;csidrivers.storage.k8s.io \&#34;s3.csi.aws.com\&#34; not found&#34;,&#xA;            Reason: &#34;NotFound&#34;,&#xA;            Details: {&#xA;                Name: &#34;s3.csi.aws.com&#34;,&#xA;                Group: &#34;storage.k8s.io&#34;,&#xA;                Kind: &#34;csidrivers&#34;,&#xA;                UID: &#34;&#34;,&#xA;                Causes: nil,&#xA;                RetryAfterSeconds: 0,&#xA;            },&#xA;            Code: 404,&#xA;        },&#xA;    }&#xA;occurred&#xA;In [It] at: /Users/anurag4dsb/hyperbolical-time-chamber/scality/e2e_csi/tests/e2e-scality/e2e-tests/csi_driver_test.go:71 @ 04/13/25 17:42:38.559&#xA;</failure>
              <system-err>&gt; Enter [It] should have CSI driver properly registered - /Users/anurag4dsb/hyperbolical-time-chamber/scality/e2e_csi/tests/e2e-scality/e2e-tests/csi_driver_test.go:67 @ 04/13/25 17:42:38.557&#xA;STEP: Checking for CSI driver registration - /Users/anurag4dsb/hyperbolical-time-chamber/scality/e2e_csi/tests/e2e-scality/e2e-tests/csi_driver_test.go:68 @ 04/13/25 17:42:38.557&#xA;[FAILED] Failed to get CSI driver s3.csi.aws.com&#xA;Unexpected error:&#xA;    &lt;*errors.StatusError | 0x140004899a0&gt;: &#xA;    csidrivers.storage.k8s.io &#34;s3.csi.aws.com&#34; not found&#xA;    {&#xA;        ErrStatus: {&#xA;            TypeMeta: {Kind: &#34;&#34;, APIVersion: &#34;&#34;},&#xA;            ListMeta: {&#xA;                SelfLink: &#34;&#34;,&#xA;                ResourceVersion: &#34;&#34;,&#xA;                Continue: &#34;&#34;,&#xA;                RemainingItemCount: nil,&#xA;            },&#xA;            Status: &#34;Failure&#34;,&#xA;            Message: &#34;csidrivers.storage.k8s.io \&#34;s3.csi.aws.com\&#34; not found&#34;,&#xA;            Reason: &#34;NotFound&#34;,&#xA;            Details: {&#xA;                Name: &#34;s3.csi.aws.com&#34;,&#xA;                Group: &#34;storage.k8s.io&#34;,&#xA;                Kind: &#34;csidrivers&#34;,&#xA;                UID: &#34;&#34;,&#xA;                Causes: nil,&#xA;                RetryAfterSeconds: 0,&#xA;            },&#xA;            Code: 404,&#xA;        },&#xA;    }&#xA;occurred&#xA;In [It] at: /Users/anurag4dsb/hyperbolical-time-chamber/scality/e2e_csi/tests/e2e-scality/e2e-tests/csi_driver_test.go:71 @ 04/13/25 17:42:38.559&#xA;&lt; Exit [It] should have CSI driver properly registered - /Users/anurag4dsb/hyperbolical-time-chamber/scality/e2e_csi/tests/e2e-scality/e2e-tests/csi_driver_test.go:67 @ 04/13/25 17:42:38.559 (2ms)&#xA;</system-err>
          </testcase>
          <testcase name="[It] Scality S3 CSI Driver Basic Functionality should have CSI driver pods running" classname="Scality S3 CSI Driver Suite" status="passed" time="0.003793625">
              <system-err>&gt; Enter [It] should have CSI driver pods running - /Users/anurag4dsb/hyperbolical-time-chamber/scality/e2e_csi/tests/e2e-scality/e2e-tests/csi_driver_test.go:75 @ 04/13/25 17:42:38.559&#xA;STEP: Checking CSI driver pods in all namespaces - /Users/anurag4dsb/hyperbolical-time-chamber/scality/e2e_csi/tests/e2e-scality/e2e-tests/csi_driver_test.go:76 @ 04/13/25 17:42:38.559&#xA;Found running pod: s3-csi-node-hnwn9 in namespace mount-s3&#xA;&lt; Exit [It] should have CSI driver pods running - /Users/anurag4dsb/hyperbolical-time-chamber/scality/e2e_csi/tests/e2e-scality/e2e-tests/csi_driver_test.go:75 @ 04/13/25 17:42:38.563 (4ms)&#xA;</system-err>
          </testcase>
          <testcase name="[It] Scality S3 CSI Driver Volume Operations should be able to create a storage class" classname="Scality S3 CSI Driver Suite" status="skipped" time="8.3125e-05">
              <skipped message="skipped - This is a placeholder test - implement actual storage class tests"></skipped>
              <system-err>&gt; Enter [It] should be able to create a storage class - /Users/anurag4dsb/hyperbolical-time-chamber/scality/e2e_csi/tests/e2e-scality/e2e-tests/csi_driver_test.go:99 @ 04/13/25 17:42:38.563&#xA;[SKIPPED] This is a placeholder test - implement actual storage class tests&#xA;In [It] at: /Users/anurag4dsb/hyperbolical-time-chamber/scality/e2e_csi/tests/e2e-scality/e2e-tests/csi_driver_test.go:100 @ 04/13/25 17:42:38.563&#xA;&lt; Exit [It] should be able to create a storage class - /Users/anurag4dsb/hyperbolical-time-chamber/scality/e2e_csi/tests/e2e-scality/e2e-tests/csi_driver_test.go:99 @ 04/13/25 17:42:38.563 (0s)&#xA;</system-err>
          </testcase>
          <testcase name="[It] Scality S3 CSI Driver Volume Operations should be able to create a PVC and mount a volume" classname="Scality S3 CSI Driver Suite" status="skipped" time="5.85e-05">
              <skipped message="skipped - This is a placeholder test - implement actual PVC and volume mounting tests"></skipped>
              <system-err>&gt; Enter [It] should be able to create a PVC and mount a volume - /Users/anurag4dsb/hyperbolical-time-chamber/scality/e2e_csi/tests/e2e-scality/e2e-tests/csi_driver_test.go:109 @ 04/13/25 17:42:38.563&#xA;[SKIPPED] This is a placeholder test - implement actual PVC and volume mounting tests&#xA;In [It] at: /Users/anurag4dsb/hyperbolical-time-chamber/scality/e2e_csi/tests/e2e-scality/e2e-tests/csi_driver_test.go:110 @ 04/13/25 17:42:38.563&#xA;&lt; Exit [It] should be able to create a PVC and mount a volume - /Users/anurag4dsb/hyperbolical-time-chamber/scality/e2e_csi/tests/e2e-scality/e2e-tests/csi_driver_test.go:109 @ 04/13/25 17:42:38.563 (0s)&#xA;</system-err>
          </testcase>
          <testcase name="[It] Scality S3 CSI Driver File Operations should allow reading and writing files to mounted volumes" classname="Scality S3 CSI Driver Suite" status="skipped" time="6.6875e-05">
              <skipped message="skipped - This is a placeholder test - implement actual file operation tests"></skipped>
              <system-err>&gt; Enter [It] should allow reading and writing files to mounted volumes - /Users/anurag4dsb/hyperbolical-time-chamber/scality/e2e_csi/tests/e2e-scality/e2e-tests/csi_driver_test.go:130 @ 04/13/25 17:42:38.563&#xA;[SKIPPED] This is a placeholder test - implement actual file operation tests&#xA;In [It] at: /Users/anurag4dsb/hyperbolical-time-chamber/scality/e2e_csi/tests/e2e-scality/e2e-tests/csi_driver_test.go:131 @ 04/13/25 17:42:38.563&#xA;&lt; Exit [It] should allow reading and writing files to mounted volumes - /Users/anurag4dsb/hyperbolical-time-chamber/scality/e2e_csi/tests/e2e-scality/e2e-tests/csi_driver_test.go:130 @ 04/13/25 17:42:38.563 (0s)&#xA;</system-err>
          </testcase>
          <testcase name="[It] Scality S3 CSI Driver File Operations should handle concurrent file operations" classname="Scality S3 CSI Driver Suite" status="skipped" time="5.3958e-05">
              <skipped message="skipped - This is a placeholder test - implement actual concurrent access tests"></skipped>
              <system-err>&gt; Enter [It] should handle concurrent file operations - /Users/anurag4dsb/hyperbolical-time-chamber/scality/e2e_csi/tests/e2e-scality/e2e-tests/csi_driver_test.go:136 @ 04/13/25 17:42:38.563&#xA;[SKIPPED] This is a placeholder test - implement actual concurrent access tests&#xA;In [It] at: /Users/anurag4dsb/hyperbolical-time-chamber/scality/e2e_csi/tests/e2e-scality/e2e-tests/csi_driver_test.go:137 @ 04/13/25 17:42:38.563&#xA;&lt; Exit [It] should handle concurrent file operations - /Users/anurag4dsb/hyperbolical-time-chamber/scality/e2e_csi/tests/e2e-scality/e2e-tests/csi_driver_test.go:136 @ 04/13/25 17:42:38.563 (0s)&#xA;</system-err>
          </testcase>
          <testcase name="[It] Scality S3 CSI Driver Error Handling should handle invalid credentials gracefully" classname="Scality S3 CSI Driver Suite" status="skipped" time="4.9209e-05">
              <skipped message="skipped - This is a placeholder test - implement actual error handling tests"></skipped>
              <system-err>&gt; Enter [It] should handle invalid credentials gracefully - /Users/anurag4dsb/hyperbolical-time-chamber/scality/e2e_csi/tests/e2e-scality/e2e-tests/csi_driver_test.go:145 @ 04/13/25 17:42:38.563&#xA;[SKIPPED] This is a placeholder test - implement actual error handling tests&#xA;In [It] at: /Users/anurag4dsb/hyperbolical-time-chamber/scality/e2e_csi/tests/e2e-scality/e2e-tests/csi_driver_test.go:146 @ 04/13/25 17:42:38.563&#xA;&lt; Exit [It] should handle invalid credentials gracefully - /Users/anurag4dsb/hyperbolical-time-chamber/scality/e2e_csi/tests/e2e-scality/e2e-tests/csi_driver_test.go:145 @ 04/13/25 17:42:38.563 (0s)&#xA;</system-err>
          </testcase>
          <testcase name="[AfterSuite]" classname="Scality S3 CSI Driver Suite" status="passed" time="1.3083e-05">
              <system-err>&gt; Enter [AfterSuite] TOP-LEVEL - /Users/anurag4dsb/hyperbolical-time-chamber/scality/e2e_csi/tests/e2e-scality/e2e-tests/main.go:111 @ 04/13/25 17:42:38.563&#xA;&lt; Exit [AfterSuite] TOP-LEVEL - /Users/anurag4dsb/hyperbolical-time-chamber/scality/e2e_csi/tests/e2e-scality/e2e-tests/main.go:111 @ 04/13/25 17:42:38.563 (0s)&#xA;</system-err>
          </testcase>
      </testsuite>
  </testsuites>